[debug] [2025-11-12T16:54:29.970Z] ----------------------------------------------------------------------
[debug] [2025-11-12T16:54:29.973Z] Command:       C:\Program Files\nodejs\node.exe C:\Users\drunk\AppData\Roaming\npm\node_modules\firebase-tools\lib\bin\firebase.js deploy --only functions
[debug] [2025-11-12T16:54:29.973Z] CLI Version:   14.24.2
[debug] [2025-11-12T16:54:29.973Z] Platform:      win32
[debug] [2025-11-12T16:54:29.973Z] Node Version:  v22.21.0
[debug] [2025-11-12T16:54:29.973Z] Time:          Wed Nov 12 2025 18:54:29 GMT+0200 (South Africa Standard Time)
[debug] [2025-11-12T16:54:29.973Z] ----------------------------------------------------------------------
[debug] 
[debug] [2025-11-12T16:54:30.172Z] > command requires scopes: ["email","openid","https://www.googleapis.com/auth/cloudplatformprojects.readonly","https://www.googleapis.com/auth/firebase","https://www.googleapis.com/auth/cloud-platform"]
[debug] [2025-11-12T16:54:30.172Z] > authorizing via signed-in user (drunknine323@gmail.com)
[debug] [2025-11-12T16:54:30.172Z] [iam] checking project carries-boutique for permissions ["cloudfunctions.functions.create","cloudfunctions.functions.delete","cloudfunctions.functions.get","cloudfunctions.functions.list","cloudfunctions.functions.update","cloudfunctions.operations.get","firebase.projects.get"]
[debug] [2025-11-12T16:54:30.173Z] Checked if tokens are valid: false, expires at: 1762966619849
[debug] [2025-11-12T16:54:30.173Z] Checked if tokens are valid: false, expires at: 1762966619849
[debug] [2025-11-12T16:54:30.173Z] > refreshing access token with scopes: []
[debug] [2025-11-12T16:54:30.175Z] >>> [apiv2][query] POST https://www.googleapis.com/oauth2/v3/token [none]
[debug] [2025-11-12T16:54:30.175Z] >>> [apiv2][body] POST https://www.googleapis.com/oauth2/v3/token [omitted]
[debug] [2025-11-12T16:54:30.614Z] <<< [apiv2][status] POST https://www.googleapis.com/oauth2/v3/token 200
[debug] [2025-11-12T16:54:30.614Z] <<< [apiv2][body] POST https://www.googleapis.com/oauth2/v3/token [omitted]
[debug] [2025-11-12T16:54:30.705Z] >>> [apiv2][query] POST https://cloudresourcemanager.googleapis.com/v1/projects/carries-boutique:testIamPermissions [none]
[debug] [2025-11-12T16:54:30.705Z] >>> [apiv2][(partial)header] POST https://cloudresourcemanager.googleapis.com/v1/projects/carries-boutique:testIamPermissions x-goog-quota-user=projects/carries-boutique
[debug] [2025-11-12T16:54:30.705Z] >>> [apiv2][body] POST https://cloudresourcemanager.googleapis.com/v1/projects/carries-boutique:testIamPermissions {"permissions":["cloudfunctions.functions.create","cloudfunctions.functions.delete","cloudfunctions.functions.get","cloudfunctions.functions.list","cloudfunctions.functions.update","cloudfunctions.operations.get","firebase.projects.get"]}
[debug] [2025-11-12T16:54:32.519Z] <<< [apiv2][status] POST https://cloudresourcemanager.googleapis.com/v1/projects/carries-boutique:testIamPermissions 200
[debug] [2025-11-12T16:54:32.519Z] <<< [apiv2][body] POST https://cloudresourcemanager.googleapis.com/v1/projects/carries-boutique:testIamPermissions {"permissions":["cloudfunctions.functions.create","cloudfunctions.functions.delete","cloudfunctions.functions.get","cloudfunctions.functions.list","cloudfunctions.functions.update","cloudfunctions.operations.get","firebase.projects.get"]}
[debug] [2025-11-12T16:54:32.519Z] Checked if tokens are valid: true, expires at: 1762970069614
[debug] [2025-11-12T16:54:32.519Z] Checked if tokens are valid: true, expires at: 1762970069614
[debug] [2025-11-12T16:54:32.519Z] >>> [apiv2][query] POST https://iam.googleapis.com/v1/projects/carries-boutique/serviceAccounts/carries-boutique@appspot.gserviceaccount.com:testIamPermissions [none]
[debug] [2025-11-12T16:54:32.519Z] >>> [apiv2][body] POST https://iam.googleapis.com/v1/projects/carries-boutique/serviceAccounts/carries-boutique@appspot.gserviceaccount.com:testIamPermissions {"permissions":["iam.serviceAccounts.actAs"]}
[debug] [2025-11-12T16:54:34.342Z] <<< [apiv2][status] POST https://iam.googleapis.com/v1/projects/carries-boutique/serviceAccounts/carries-boutique@appspot.gserviceaccount.com:testIamPermissions 200
[debug] [2025-11-12T16:54:34.343Z] <<< [apiv2][body] POST https://iam.googleapis.com/v1/projects/carries-boutique/serviceAccounts/carries-boutique@appspot.gserviceaccount.com:testIamPermissions {"permissions":["iam.serviceAccounts.actAs"]}
[info] 
[info] === Deploying to 'carries-boutique'...
[info] 
[info] i  deploying functions 
[info] +  functions: Finished running predeploy script. 
[debug] [2025-11-12T16:54:34.347Z] Checked if tokens are valid: true, expires at: 1762970069614
[debug] [2025-11-12T16:54:34.347Z] Checked if tokens are valid: true, expires at: 1762970069614
[debug] [2025-11-12T16:54:34.347Z] >>> [apiv2][query] GET https://cloudresourcemanager.googleapis.com/v1/projects/carries-boutique [none]
[debug] [2025-11-12T16:54:34.685Z] <<< [apiv2][status] GET https://cloudresourcemanager.googleapis.com/v1/projects/carries-boutique 200
[debug] [2025-11-12T16:54:34.685Z] <<< [apiv2][body] GET https://cloudresourcemanager.googleapis.com/v1/projects/carries-boutique {"projectNumber":"512525813635","projectId":"carries-boutique","lifecycleState":"ACTIVE","name":"Carries-Boutique","labels":{"firebase":"enabled","firebase-core":"disabled"},"createTime":"2025-10-27T13:19:12.960447Z"}
[info] i  functions: preparing codebase default for deployment 
[info] i  functions: ensuring required API cloudfunctions.googleapis.com is enabled... 
[info] i  functions: ensuring required API cloudbuild.googleapis.com is enabled... 
[info] i  artifactregistry: ensuring required API artifactregistry.googleapis.com is enabled... 
[debug] [2025-11-12T16:54:34.688Z] Checked if tokens are valid: true, expires at: 1762970069614
[debug] [2025-11-12T16:54:34.688Z] Checked if tokens are valid: true, expires at: 1762970069614
[debug] [2025-11-12T16:54:34.688Z] >>> [apiv2][query] GET https://firebase.googleapis.com/v1beta1/projects/carries-boutique/adminSdkConfig [none]
[debug] [2025-11-12T16:54:36.115Z] <<< [apiv2][status] GET https://firebase.googleapis.com/v1beta1/projects/carries-boutique/adminSdkConfig 200
[debug] [2025-11-12T16:54:36.115Z] <<< [apiv2][body] GET https://firebase.googleapis.com/v1beta1/projects/carries-boutique/adminSdkConfig {"projectId":"carries-boutique","storageBucket":"carries-boutique.firebasestorage.app"}
[debug] [2025-11-12T16:54:36.115Z] Checked if tokens are valid: true, expires at: 1762970069614
[debug] [2025-11-12T16:54:36.115Z] Checked if tokens are valid: true, expires at: 1762970069614
[debug] [2025-11-12T16:54:36.115Z] >>> [apiv2][query] GET https://runtimeconfig.googleapis.com/v1beta1/projects/carries-boutique/configs [none]
[debug] [2025-11-12T16:54:36.855Z] <<< [apiv2][status] GET https://runtimeconfig.googleapis.com/v1beta1/projects/carries-boutique/configs 200
[debug] [2025-11-12T16:54:36.855Z] <<< [apiv2][body] GET https://runtimeconfig.googleapis.com/v1beta1/projects/carries-boutique/configs {"configs":[{"name":"projects/carries-boutique/configs/email"},{"name":"projects/carries-boutique/configs/sendgrid"}]}
[debug] [2025-11-12T16:54:36.855Z] Checked if tokens are valid: true, expires at: 1762970069614
[debug] [2025-11-12T16:54:36.855Z] Checked if tokens are valid: true, expires at: 1762970069614
[debug] [2025-11-12T16:54:36.855Z] Checked if tokens are valid: true, expires at: 1762970069614
[debug] [2025-11-12T16:54:36.855Z] Checked if tokens are valid: true, expires at: 1762970069614
[debug] [2025-11-12T16:54:36.855Z] >>> [apiv2][query] GET https://runtimeconfig.googleapis.com/v1beta1/projects/carries-boutique/configs/email/variables [none]
[debug] [2025-11-12T16:54:36.856Z] >>> [apiv2][query] GET https://runtimeconfig.googleapis.com/v1beta1/projects/carries-boutique/configs/sendgrid/variables [none]
[debug] [2025-11-12T16:54:37.430Z] <<< [apiv2][status] GET https://runtimeconfig.googleapis.com/v1beta1/projects/carries-boutique/configs/sendgrid/variables 200
[debug] [2025-11-12T16:54:37.430Z] <<< [apiv2][body] GET https://runtimeconfig.googleapis.com/v1beta1/projects/carries-boutique/configs/sendgrid/variables {"variables":[{"name":"projects/carries-boutique/configs/sendgrid/variables/key","updateTime":"2025-11-05T09:32:25.056190313Z"}]}
[debug] [2025-11-12T16:54:37.430Z] Checked if tokens are valid: true, expires at: 1762970069614
[debug] [2025-11-12T16:54:37.430Z] Checked if tokens are valid: true, expires at: 1762970069614
[debug] [2025-11-12T16:54:37.430Z] >>> [apiv2][query] GET https://runtimeconfig.googleapis.com/v1beta1/projects/carries-boutique/configs/sendgrid/variables/key [none]
[debug] [2025-11-12T16:54:37.714Z] <<< [apiv2][status] GET https://runtimeconfig.googleapis.com/v1beta1/projects/carries-boutique/configs/email/variables 200
[debug] [2025-11-12T16:54:37.714Z] <<< [apiv2][body] GET https://runtimeconfig.googleapis.com/v1beta1/projects/carries-boutique/configs/email/variables {"variables":[{"name":"projects/carries-boutique/configs/email/variables/pass","updateTime":"2025-11-12T16:13:09.975505092Z"},{"name":"projects/carries-boutique/configs/email/variables/user","updateTime":"2025-11-12T16:13:09.975241347Z"}]}
[debug] [2025-11-12T16:54:37.714Z] Checked if tokens are valid: true, expires at: 1762970069614
[debug] [2025-11-12T16:54:37.714Z] Checked if tokens are valid: true, expires at: 1762970069614
[debug] [2025-11-12T16:54:37.714Z] Checked if tokens are valid: true, expires at: 1762970069614
[debug] [2025-11-12T16:54:37.715Z] Checked if tokens are valid: true, expires at: 1762970069614
[debug] [2025-11-12T16:54:37.715Z] >>> [apiv2][query] GET https://runtimeconfig.googleapis.com/v1beta1/projects/carries-boutique/configs/email/variables/pass [none]
[debug] [2025-11-12T16:54:37.715Z] >>> [apiv2][query] GET https://runtimeconfig.googleapis.com/v1beta1/projects/carries-boutique/configs/email/variables/user [none]
[debug] [2025-11-12T16:54:37.783Z] <<< [apiv2][status] GET https://runtimeconfig.googleapis.com/v1beta1/projects/carries-boutique/configs/sendgrid/variables/key 200
[debug] [2025-11-12T16:54:37.783Z] <<< [apiv2][body] GET https://runtimeconfig.googleapis.com/v1beta1/projects/carries-boutique/configs/sendgrid/variables/key {"name":"projects/carries-boutique/configs/sendgrid/variables/key","updateTime":"2025-11-05T09:32:25.056190313Z","text":"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"}
[debug] [2025-11-12T16:54:38.069Z] <<< [apiv2][status] GET https://runtimeconfig.googleapis.com/v1beta1/projects/carries-boutique/configs/email/variables/pass 200
[debug] [2025-11-12T16:54:38.069Z] <<< [apiv2][body] GET https://runtimeconfig.googleapis.com/v1beta1/projects/carries-boutique/configs/email/variables/pass {"name":"projects/carries-boutique/configs/email/variables/pass","updateTime":"2025-11-12T16:13:09.975505092Z","text":"qvffopipmbkvcljo"}
[debug] [2025-11-12T16:54:38.263Z] <<< [apiv2][status] GET https://runtimeconfig.googleapis.com/v1beta1/projects/carries-boutique/configs/email/variables/user 200
[debug] [2025-11-12T16:54:38.263Z] <<< [apiv2][body] GET https://runtimeconfig.googleapis.com/v1beta1/projects/carries-boutique/configs/email/variables/user {"name":"projects/carries-boutique/configs/email/variables/user","updateTime":"2025-11-12T16:13:09.975241347Z","text":"janpaulvdberg@gmail.com"}
[debug] [2025-11-12T16:54:38.265Z] Validating nodejs source
[warn] !  functions: package.json indicates an outdated version of firebase-functions. Please upgrade using npm install --save firebase-functions@latest in your functions directory. 
[warn] !  functions: Please note that there will be breaking changes when you upgrade. 
[debug] [2025-11-12T16:54:39.118Z] > [functions] package.json contents: {
  "name": "functions",
  "description": "Cloud Functions for Firebase",
  "scripts": {
    "serve": "firebase emulators:start --only functions",
    "shell": "firebase functions:shell",
    "start": "npm run shell",
    "deploy": "firebase deploy --only functions",
    "logs": "firebase functions:log"
  },
  "engines": {
    "node": "22"
  },
  "main": "index.js",
  "dependencies": {
    "firebase-admin": "^12.6.0",
    "firebase-functions": "^4.9.0",
    "nodemailer": "^7.0.10"
  },
  "devDependencies": {
    "firebase-functions-test": "^3.1.0"
  },
  "private": true
}
[debug] [2025-11-12T16:54:39.118Z] Building nodejs source
[info] i  functions: Loading and analyzing source code for codebase default to determine what to deploy 
[info] i  functions: You are using a version of firebase-functions SDK (4.9.0) that does not have support for the newest Firebase Extensions features. Please update firebase-functions SDK to >=5.1.0 to use them correctly 
[debug] [2025-11-12T16:54:39.120Z] Could not find functions.yaml. Must use http discovery
[debug] [2025-11-12T16:54:39.130Z] Found firebase-functions binary at 'C:\Users\drunk\Documents\GitHub\Carries-Boutique\functions\node_modules\.bin\firebase-functions'
[info] Serving at port 8925

[debug] [2025-11-12T16:54:40.023Z] Got response from /__/functions.yaml {"endpoints":{"sendOrderConfirmation":{"platform":"gcfv1","availableMemoryMb":null,"timeoutSeconds":null,"minInstances":null,"maxInstances":null,"ingressSettings":null,"serviceAccountEmail":null,"vpc":null,"eventTrigger":{"eventType":"providers/cloud.firestore/eventTypes/document.create","eventFilters":{"resource":"projects/carries-boutique/databases/(default)/documents/orders/{orderId}"},"retry":false},"labels":{},"entryPoint":"sendOrderConfirmation"}},"specVersion":"v1alpha1","requiredAPIs":[]}
[info] i  functions: preparing functions directory for uploading... 
[info] i  functions: packaged C:\Users\drunk\Documents\GitHub\Carries-Boutique\functions (69.37 KB) for uploading 
[debug] [2025-11-12T16:54:44.092Z] Checked if tokens are valid: true, expires at: 1762970069614
[debug] [2025-11-12T16:54:44.092Z] Checked if tokens are valid: true, expires at: 1762970069614
[debug] [2025-11-12T16:54:44.092Z] >>> [apiv2][query] GET https://cloudfunctions.googleapis.com/v1/projects/carries-boutique/locations/-/functions [none]
[debug] [2025-11-12T16:54:45.168Z] <<< [apiv2][status] GET https://cloudfunctions.googleapis.com/v1/projects/carries-boutique/locations/-/functions 200
[debug] [2025-11-12T16:54:45.168Z] <<< [apiv2][body] GET https://cloudfunctions.googleapis.com/v1/projects/carries-boutique/locations/-/functions {"functions":[{"name":"projects/carries-boutique/locations/us-central1/functions/sendOrderConfirmation","eventTrigger":{"eventType":"providers/cloud.firestore/eventTypes/document.create","resource":"projects/carries-boutique/databases/(default)/documents/orders/{orderId}","service":"firestore.googleapis.com","failurePolicy":{}},"status":"ACTIVE","entryPoint":"sendOrderConfirmation","timeout":"60s","availableMemoryMb":256,"serviceAccountEmail":"carries-boutique@appspot.gserviceaccount.com","updateTime":"2025-11-12T16:14:49.119Z","versionId":"3","labels":{"deployment-tool":"cli-firebase","firebase-functions-hash":"59bb3a42ed756f21603d49d9c79ab017a8bd4743"},"sourceUploadUrl":"https://storage.googleapis.com/uploads-1055721223383.us-central1.cloudfunctions.appspot.com/96f7af56-ec94-42b6-a395-0c43712695ab.zip","environmentVariables":{"FIREBASE_CONFIG":"{\"projectId\":\"carries-boutique\",\"storageBucket\":\"carries-boutique.firebasestorage.app\"}","GCLOUD_PROJECT":"carries-boutique","EVENTARC_CLOUD_EVENT_SOURCE":"projects/carries-boutique/locations/us-central1/functions/sendOrderConfirmation"},"runtime":"nodejs22","maxInstances":3000,"ingressSettings":"ALLOW_ALL","buildId":"45abe7d4-9f4b-47a2-a560-fd74d5e0f5ff","buildEnvironmentVariables":{"GOOGLE_NODE_RUN_SCRIPTS":""},"buildName":"projects/512525813635/locations/us-central1/builds/45abe7d4-9f4b-47a2-a560-fd74d5e0f5ff","dockerRegistry":"ARTIFACT_REGISTRY","automaticUpdatePolicy":{},"buildServiceAccount":"projects/carries-boutique/serviceAccounts/512525813635-compute@developer.gserviceaccount.com","satisfiesPzi":true}]}
[debug] [2025-11-12T16:54:45.168Z] Checked if tokens are valid: true, expires at: 1762970069614
[debug] [2025-11-12T16:54:45.169Z] Checked if tokens are valid: true, expires at: 1762970069614
[debug] [2025-11-12T16:54:45.169Z] >>> [apiv2][query] GET https://cloudfunctions.googleapis.com/v2/projects/carries-boutique/locations/-/functions filter=environment%3D%22GEN_2%22
[debug] [2025-11-12T16:54:46.288Z] <<< [apiv2][status] GET https://cloudfunctions.googleapis.com/v2/projects/carries-boutique/locations/-/functions 200
[debug] [2025-11-12T16:54:46.288Z] <<< [apiv2][body] GET https://cloudfunctions.googleapis.com/v2/projects/carries-boutique/locations/-/functions {}
[debug] [2025-11-12T16:54:46.291Z] Checked if tokens are valid: true, expires at: 1762970069614
[debug] [2025-11-12T16:54:46.291Z] Checked if tokens are valid: true, expires at: 1762970069614
[debug] [2025-11-12T16:54:46.291Z] >>> [apiv2][query] GET https://cloudresourcemanager.googleapis.com/v1/projects/carries-boutique [none]
[debug] [2025-11-12T16:54:47.944Z] <<< [apiv2][status] GET https://cloudresourcemanager.googleapis.com/v1/projects/carries-boutique 200
[debug] [2025-11-12T16:54:47.944Z] <<< [apiv2][body] GET https://cloudresourcemanager.googleapis.com/v1/projects/carries-boutique {"projectNumber":"512525813635","projectId":"carries-boutique","lifecycleState":"ACTIVE","name":"Carries-Boutique","labels":{"firebase":"enabled","firebase-core":"disabled"},"createTime":"2025-10-27T13:19:12.960447Z"}
[debug] [2025-11-12T16:54:47.945Z] Checked if tokens are valid: true, expires at: 1762970069614
[debug] [2025-11-12T16:54:47.945Z] Checked if tokens are valid: true, expires at: 1762970069614
[debug] [2025-11-12T16:54:47.945Z] >>> [apiv2][query] POST https://cloudfunctions.googleapis.com/v1/projects/carries-boutique/locations/us-central1/functions:generateUploadUrl [none]
[debug] [2025-11-12T16:54:47.946Z] >>> [apiv2][body] POST https://cloudfunctions.googleapis.com/v1/projects/carries-boutique/locations/us-central1/functions:generateUploadUrl {}
[debug] [2025-11-12T16:54:48.664Z] <<< [apiv2][status] POST https://cloudfunctions.googleapis.com/v1/projects/carries-boutique/locations/us-central1/functions:generateUploadUrl 200
[debug] [2025-11-12T16:54:48.664Z] <<< [apiv2][body] POST https://cloudfunctions.googleapis.com/v1/projects/carries-boutique/locations/us-central1/functions:generateUploadUrl {"uploadUrl":"https://storage.googleapis.com/uploads-1055721223383.us-central1.cloudfunctions.appspot.com/14d7ebcd-17c2-465f-8e9a-ca4730f350a9.zip?GoogleAccessId=service-512525813635@gcf-admin-robot.iam.gserviceaccount.com&Expires=1762968289&Signature=BLN3fJRVP8rsNUTlb97gmju0XGfziRX%2FdnJ14poTipBGpe%2Bp92fO8uuHsmwe9GU%2BFG%2BCQcUnAf7GnTOjWEEO3fEt23HYThq4nUsxT19sBpDoUuxy6WM0y%2B5H27Av4lTlQlmg2oXpcht8LJFO0QSVZgpbacS04FM5gUkw6eYapPO5ElTwnUrRDKSPIAB3wMXgdVuLHb0ftzKYu3PqnM7j%2B%2FXzDQDyZ0osLVQzDkkPYWh9tGEva0IXNdkQP7%2BZzY7Om%2Blm2%2F%2Fr5JIh93o66zh1EavYMp2az3aPKxVm5Awm2nBTepj31cWIV%2BkJgYsy%2FPAjjv%2BfJORn6sI3EcfynUUGYQ%3D%3D"}
[debug] [2025-11-12T16:54:48.665Z] >>> [apiv2][query] PUT https://storage.googleapis.com/uploads-1055721223383.us-central1.cloudfunctions.appspot.com/14d7ebcd-17c2-465f-8e9a-ca4730f350a9.zip GoogleAccessId=service-512525813635%40gcf-admin-robot.iam.gserviceaccount.com&Expires=1762968289&Signature=BLN3fJRVP8rsNUTlb97gmju0XGfziRX%2FdnJ14poTipBGpe%2Bp92fO8uuHsmwe9GU%2BFG%2BCQcUnAf7GnTOjWEEO3fEt23HYThq4nUsxT19sBpDoUuxy6WM0y%2B5H27Av4lTlQlmg2oXpcht8LJFO0QSVZgpbacS04FM5gUkw6eYapPO5ElTwnUrRDKSPIAB3wMXgdVuLHb0ftzKYu3PqnM7j%2B%2FXzDQDyZ0osLVQzDkkPYWh9tGEva0IXNdkQP7%2BZzY7Om%2Blm2%2F%2Fr5JIh93o66zh1EavYMp2az3aPKxVm5Awm2nBTepj31cWIV%2BkJgYsy%2FPAjjv%2BfJORn6sI3EcfynUUGYQ%3D%3D
[debug] [2025-11-12T16:54:48.665Z] >>> [apiv2][body] PUT https://storage.googleapis.com/uploads-1055721223383.us-central1.cloudfunctions.appspot.com/14d7ebcd-17c2-465f-8e9a-ca4730f350a9.zip [stream]
[debug] [2025-11-12T16:54:49.725Z] <<< [apiv2][status] PUT https://storage.googleapis.com/uploads-1055721223383.us-central1.cloudfunctions.appspot.com/14d7ebcd-17c2-465f-8e9a-ca4730f350a9.zip 200
[debug] [2025-11-12T16:54:49.725Z] <<< [apiv2][body] PUT https://storage.googleapis.com/uploads-1055721223383.us-central1.cloudfunctions.appspot.com/14d7ebcd-17c2-465f-8e9a-ca4730f350a9.zip [omitted]
[info] +  functions: functions source uploaded successfully 
[info] i  functions: updating Node.js 22 (1st Gen) function sendOrderConfirmation(us-central1)... 
[debug] [2025-11-12T16:54:49.729Z] Checked if tokens are valid: true, expires at: 1762970069614
[debug] [2025-11-12T16:54:49.729Z] Checked if tokens are valid: true, expires at: 1762970069614
[debug] [2025-11-12T16:54:49.729Z] >>> [apiv2][query] PATCH https://cloudfunctions.googleapis.com/v1/projects/carries-boutique/locations/us-central1/functions/sendOrderConfirmation updateMask=name%2CsourceUploadUrl%2CentryPoint%2Cruntime%2CdockerRegistry%2Clabels%2CeventTrigger.eventType%2CeventTrigger.resource%2CeventTrigger.failurePolicy%2CminInstances%2CmaxInstances%2CingressSettings%2CenvironmentVariables%2CserviceAccountEmail%2CavailableMemoryMb%2Ctimeout%2CvpcConnector%2CvpcConnectorEgressSettings%2CsourceToken%2CbuildEnvironmentVariables
[debug] [2025-11-12T16:54:49.729Z] >>> [apiv2][body] PATCH https://cloudfunctions.googleapis.com/v1/projects/carries-boutique/locations/us-central1/functions/sendOrderConfirmation {"name":"projects/carries-boutique/locations/us-central1/functions/sendOrderConfirmation","sourceUploadUrl":"https://storage.googleapis.com/uploads-1055721223383.us-central1.cloudfunctions.appspot.com/14d7ebcd-17c2-465f-8e9a-ca4730f350a9.zip?GoogleAccessId=service-512525813635@gcf-admin-robot.iam.gserviceaccount.com&Expires=1762968289&Signature=BLN3fJRVP8rsNUTlb97gmju0XGfziRX%2FdnJ14poTipBGpe%2Bp92fO8uuHsmwe9GU%2BFG%2BCQcUnAf7GnTOjWEEO3fEt23HYThq4nUsxT19sBpDoUuxy6WM0y%2B5H27Av4lTlQlmg2oXpcht8LJFO0QSVZgpbacS04FM5gUkw6eYapPO5ElTwnUrRDKSPIAB3wMXgdVuLHb0ftzKYu3PqnM7j%2B%2FXzDQDyZ0osLVQzDkkPYWh9tGEva0IXNdkQP7%2BZzY7Om%2Blm2%2F%2Fr5JIh93o66zh1EavYMp2az3aPKxVm5Awm2nBTepj31cWIV%2BkJgYsy%2FPAjjv%2BfJORn6sI3EcfynUUGYQ%3D%3D","entryPoint":"sendOrderConfirmation","runtime":"nodejs22","dockerRegistry":"ARTIFACT_REGISTRY","labels":{"deployment-tool":"cli-firebase","firebase-functions-hash":"a0f0c2f59d02076e896bb095147f31cc537566e4"},"eventTrigger":{"eventType":"providers/cloud.firestore/eventTypes/document.create","resource":"projects/carries-boutique/databases/(default)/documents/orders/{orderId}"},"minInstances":null,"maxInstances":null,"ingressSettings":null,"environmentVariables":{"FIREBASE_CONFIG":"{\"projectId\":\"carries-boutique\",\"storageBucket\":\"carries-boutique.firebasestorage.app\"}","GCLOUD_PROJECT":"carries-boutique","EVENTARC_CLOUD_EVENT_SOURCE":"projects/carries-boutique/locations/us-central1/functions/sendOrderConfirmation"},"serviceAccountEmail":null,"availableMemoryMb":null,"timeout":null,"vpcConnector":null,"vpcConnectorEgressSettings":null,"buildEnvironmentVariables":{"GOOGLE_NODE_RUN_SCRIPTS":""}}
[debug] [2025-11-12T16:54:50.327Z] <<< [apiv2][status] PATCH https://cloudfunctions.googleapis.com/v1/projects/carries-boutique/locations/us-central1/functions/sendOrderConfirmation 200
[debug] [2025-11-12T16:54:50.327Z] <<< [apiv2][body] PATCH https://cloudfunctions.googleapis.com/v1/projects/carries-boutique/locations/us-central1/functions/sendOrderConfirmation {"name":"operations/Y2Fycmllcy1ib3V0aXF1ZS91cy1jZW50cmFsMS9zZW5kT3JkZXJDb25maXJtYXRpb24vTWRkZ01TWndRazQ","metadata":{"@type":"type.googleapis.com/google.cloud.functions.v1.OperationMetadataV1","target":"projects/carries-boutique/locations/us-central1/functions/sendOrderConfirmation","type":"UPDATE_FUNCTION","request":{"@type":"type.googleapis.com/google.cloud.functions.v1.CloudFunction","name":"projects/carries-boutique/locations/us-central1/functions/sendOrderConfirmation","eventTrigger":{"eventType":"providers/cloud.firestore/eventTypes/document.create","resource":"projects/carries-boutique/databases/(default)/documents/orders/{orderId}","service":"firestore.googleapis.com"},"status":"ACTIVE","entryPoint":"sendOrderConfirmation","updateTime":"2025-11-12T16:14:49.119Z","versionId":"3","labels":{"deployment-tool":"cli-firebase","firebase-functions-hash":"a0f0c2f59d02076e896bb095147f31cc537566e4"},"sourceUploadUrl":"https://storage.googleapis.com/uploads-1055721223383.us-central1.cloudfunctions.appspot.com/14d7ebcd-17c2-465f-8e9a-ca4730f350a9.zip?GoogleAccessId=service-512525813635@gcf-admin-robot.iam.gserviceaccount.com&Expires=1762968289&Signature=BLN3fJRVP8rsNUTlb97gmju0XGfziRX%2FdnJ14poTipBGpe%2Bp92fO8uuHsmwe9GU%2BFG%2BCQcUnAf7GnTOjWEEO3fEt23HYThq4nUsxT19sBpDoUuxy6WM0y%2B5H27Av4lTlQlmg2oXpcht8LJFO0QSVZgpbacS04FM5gUkw6eYapPO5ElTwnUrRDKSPIAB3wMXgdVuLHb0ftzKYu3PqnM7j%2B%2FXzDQDyZ0osLVQzDkkPYWh9tGEva0IXNdkQP7%2BZzY7Om%2Blm2%2F%2Fr5JIh93o66zh1EavYMp2az3aPKxVm5Awm2nBTepj31cWIV%2BkJgYsy%2FPAjjv%2BfJORn6sI3EcfynUUGYQ%3D%3D","environmentVariables":{"FIREBASE_CONFIG":"{\"projectId\":\"carries-boutique\",\"storageBucket\":\"carries-boutique.firebasestorage.app\"}","GCLOUD_PROJECT":"carries-boutique","EVENTARC_CLOUD_EVENT_SOURCE":"projects/carries-boutique/locations/us-central1/functions/sendOrderConfirmation"},"runtime":"nodejs22","buildId":"45abe7d4-9f4b-47a2-a560-fd74d5e0f5ff","buildEnvironmentVariables":{"GOOGLE_NODE_RUN_SCRIPTS":""},"buildName":"projects/512525813635/locations/us-central1/builds/45abe7d4-9f4b-47a2-a560-fd74d5e0f5ff","dockerRegistry":"ARTIFACT_REGISTRY","automaticUpdatePolicy":{},"buildServiceAccount":"projects/carries-boutique/serviceAccounts/512525813635-compute@developer.gserviceaccount.com"},"versionId":"4","updateTime":"2025-11-12T16:54:51Z"}}
[debug] [2025-11-12T16:54:50.327Z] Checked if tokens are valid: true, expires at: 1762970069614
[debug] [2025-11-12T16:54:50.327Z] Checked if tokens are valid: true, expires at: 1762970069614
[debug] [2025-11-12T16:54:50.328Z] >>> [apiv2][query] GET https://cloudfunctions.googleapis.com/v1/operations/Y2Fycmllcy1ib3V0aXF1ZS91cy1jZW50cmFsMS9zZW5kT3JkZXJDb25maXJtYXRpb24vTWRkZ01TWndRazQ [none]
[debug] [2025-11-12T16:54:50.709Z] <<< [apiv2][status] GET https://cloudfunctions.googleapis.com/v1/operations/Y2Fycmllcy1ib3V0aXF1ZS91cy1jZW50cmFsMS9zZW5kT3JkZXJDb25maXJtYXRpb24vTWRkZ01TWndRazQ 200
[debug] [2025-11-12T16:54:50.709Z] <<< [apiv2][body] GET https://cloudfunctions.googleapis.com/v1/operations/Y2Fycmllcy1ib3V0aXF1ZS91cy1jZW50cmFsMS9zZW5kT3JkZXJDb25maXJtYXRpb24vTWRkZ01TWndRazQ {"name":"operations/Y2Fycmllcy1ib3V0aXF1ZS91cy1jZW50cmFsMS9zZW5kT3JkZXJDb25maXJtYXRpb24vTWRkZ01TWndRazQ","metadata":{"@type":"type.googleapis.com/google.cloud.functions.v1.OperationMetadataV1","target":"projects/carries-boutique/locations/us-central1/functions/sendOrderConfirmation","type":"UPDATE_FUNCTION","request":{"@type":"type.googleapis.com/google.cloud.functions.v1.CloudFunction","name":"projects/carries-boutique/locations/us-central1/functions/sendOrderConfirmation","eventTrigger":{"eventType":"providers/cloud.firestore/eventTypes/document.create","resource":"projects/carries-boutique/databases/(default)/documents/orders/{orderId}","service":"firestore.googleapis.com"},"status":"ACTIVE","entryPoint":"sendOrderConfirmation","updateTime":"2025-11-12T16:14:49.119Z","versionId":"3","labels":{"deployment-tool":"cli-firebase","firebase-functions-hash":"a0f0c2f59d02076e896bb095147f31cc537566e4"},"sourceUploadUrl":"https://storage.googleapis.com/uploads-1055721223383.us-central1.cloudfunctions.appspot.com/14d7ebcd-17c2-465f-8e9a-ca4730f350a9.zip?GoogleAccessId=service-512525813635@gcf-admin-robot.iam.gserviceaccount.com&Expires=1762968289&Signature=BLN3fJRVP8rsNUTlb97gmju0XGfziRX%2FdnJ14poTipBGpe%2Bp92fO8uuHsmwe9GU%2BFG%2BCQcUnAf7GnTOjWEEO3fEt23HYThq4nUsxT19sBpDoUuxy6WM0y%2B5H27Av4lTlQlmg2oXpcht8LJFO0QSVZgpbacS04FM5gUkw6eYapPO5ElTwnUrRDKSPIAB3wMXgdVuLHb0ftzKYu3PqnM7j%2B%2FXzDQDyZ0osLVQzDkkPYWh9tGEva0IXNdkQP7%2BZzY7Om%2Blm2%2F%2Fr5JIh93o66zh1EavYMp2az3aPKxVm5Awm2nBTepj31cWIV%2BkJgYsy%2FPAjjv%2BfJORn6sI3EcfynUUGYQ%3D%3D","environmentVariables":{"FIREBASE_CONFIG":"{\"projectId\":\"carries-boutique\",\"storageBucket\":\"carries-boutique.firebasestorage.app\"}","GCLOUD_PROJECT":"carries-boutique","EVENTARC_CLOUD_EVENT_SOURCE":"projects/carries-boutique/locations/us-central1/functions/sendOrderConfirmation"},"runtime":"nodejs22","buildId":"45abe7d4-9f4b-47a2-a560-fd74d5e0f5ff","buildEnvironmentVariables":{"GOOGLE_NODE_RUN_SCRIPTS":""},"buildName":"projects/512525813635/locations/us-central1/builds/45abe7d4-9f4b-47a2-a560-fd74d5e0f5ff","dockerRegistry":"ARTIFACT_REGISTRY","automaticUpdatePolicy":{},"buildServiceAccount":"projects/carries-boutique/serviceAccounts/512525813635-compute@developer.gserviceaccount.com"},"versionId":"4","updateTime":"2025-11-12T16:54:51Z"}}
[debug] [2025-11-12T16:54:51.215Z] [update-default-us-central1-sendOrderConfirmation] Retrying task index 0
[debug] [2025-11-12T16:54:51.216Z] Checked if tokens are valid: true, expires at: 1762970069614
[debug] [2025-11-12T16:54:51.216Z] Checked if tokens are valid: true, expires at: 1762970069614
[debug] [2025-11-12T16:54:51.216Z] >>> [apiv2][query] GET https://cloudfunctions.googleapis.com/v1/operations/Y2Fycmllcy1ib3V0aXF1ZS91cy1jZW50cmFsMS9zZW5kT3JkZXJDb25maXJtYXRpb24vTWRkZ01TWndRazQ [none]
[debug] [2025-11-12T16:54:51.580Z] <<< [apiv2][status] GET https://cloudfunctions.googleapis.com/v1/operations/Y2Fycmllcy1ib3V0aXF1ZS91cy1jZW50cmFsMS9zZW5kT3JkZXJDb25maXJtYXRpb24vTWRkZ01TWndRazQ 200
[debug] [2025-11-12T16:54:51.580Z] <<< [apiv2][body] GET https://cloudfunctions.googleapis.com/v1/operations/Y2Fycmllcy1ib3V0aXF1ZS91cy1jZW50cmFsMS9zZW5kT3JkZXJDb25maXJtYXRpb24vTWRkZ01TWndRazQ {"name":"operations/Y2Fycmllcy1ib3V0aXF1ZS91cy1jZW50cmFsMS9zZW5kT3JkZXJDb25maXJtYXRpb24vTWRkZ01TWndRazQ","metadata":{"@type":"type.googleapis.com/google.cloud.functions.v1.OperationMetadataV1","target":"projects/carries-boutique/locations/us-central1/functions/sendOrderConfirmation","type":"UPDATE_FUNCTION","request":{"@type":"type.googleapis.com/google.cloud.functions.v1.CloudFunction","name":"projects/carries-boutique/locations/us-central1/functions/sendOrderConfirmation","eventTrigger":{"eventType":"providers/cloud.firestore/eventTypes/document.create","resource":"projects/carries-boutique/databases/(default)/documents/orders/{orderId}","service":"firestore.googleapis.com"},"status":"ACTIVE","entryPoint":"sendOrderConfirmation","updateTime":"2025-11-12T16:14:49.119Z","versionId":"3","labels":{"deployment-tool":"cli-firebase","firebase-functions-hash":"a0f0c2f59d02076e896bb095147f31cc537566e4"},"sourceUploadUrl":"https://storage.googleapis.com/uploads-1055721223383.us-central1.cloudfunctions.appspot.com/14d7ebcd-17c2-465f-8e9a-ca4730f350a9.zip?GoogleAccessId=service-512525813635@gcf-admin-robot.iam.gserviceaccount.com&Expires=1762968289&Signature=BLN3fJRVP8rsNUTlb97gmju0XGfziRX%2FdnJ14poTipBGpe%2Bp92fO8uuHsmwe9GU%2BFG%2BCQcUnAf7GnTOjWEEO3fEt23HYThq4nUsxT19sBpDoUuxy6WM0y%2B5H27Av4lTlQlmg2oXpcht8LJFO0QSVZgpbacS04FM5gUkw6eYapPO5ElTwnUrRDKSPIAB3wMXgdVuLHb0ftzKYu3PqnM7j%2B%2FXzDQDyZ0osLVQzDkkPYWh9tGEva0IXNdkQP7%2BZzY7Om%2Blm2%2F%2Fr5JIh93o66zh1EavYMp2az3aPKxVm5Awm2nBTepj31cWIV%2BkJgYsy%2FPAjjv%2BfJORn6sI3EcfynUUGYQ%3D%3D","environmentVariables":{"FIREBASE_CONFIG":"{\"projectId\":\"carries-boutique\",\"storageBucket\":\"carries-boutique.firebasestorage.app\"}","GCLOUD_PROJECT":"carries-boutique","EVENTARC_CLOUD_EVENT_SOURCE":"projects/carries-boutique/locations/us-central1/functions/sendOrderConfirmation"},"runtime":"nodejs22","buildId":"45abe7d4-9f4b-47a2-a560-fd74d5e0f5ff","buildEnvironmentVariables":{"GOOGLE_NODE_RUN_SCRIPTS":""},"buildName":"projects/512525813635/locations/us-central1/builds/45abe7d4-9f4b-47a2-a560-fd74d5e0f5ff","dockerRegistry":"ARTIFACT_REGISTRY","automaticUpdatePolicy":{},"buildServiceAccount":"projects/carries-boutique/serviceAccounts/512525813635-compute@developer.gserviceaccount.com"},"versionId":"4","updateTime":"2025-11-12T16:54:51Z","buildId":"a1d4d74a-2e93-4674-ae32-4fe75097f87a","buildName":"projects/512525813635/locations/us-central1/builds/a1d4d74a-2e93-4674-ae32-4fe75097f87a"}}
[debug] [2025-11-12T16:54:52.594Z] [update-default-us-central1-sendOrderConfirmation] Retrying task index 0
[debug] [2025-11-12T16:54:52.594Z] Checked if tokens are valid: true, expires at: 1762970069614
[debug] [2025-11-12T16:54:52.594Z] Checked if tokens are valid: true, expires at: 1762970069614
[debug] [2025-11-12T16:54:52.594Z] >>> [apiv2][query] GET https://cloudfunctions.googleapis.com/v1/operations/Y2Fycmllcy1ib3V0aXF1ZS91cy1jZW50cmFsMS9zZW5kT3JkZXJDb25maXJtYXRpb24vTWRkZ01TWndRazQ [none]
[debug] [2025-11-12T16:54:52.957Z] <<< [apiv2][status] GET https://cloudfunctions.googleapis.com/v1/operations/Y2Fycmllcy1ib3V0aXF1ZS91cy1jZW50cmFsMS9zZW5kT3JkZXJDb25maXJtYXRpb24vTWRkZ01TWndRazQ 200
[debug] [2025-11-12T16:54:52.957Z] <<< [apiv2][body] GET https://cloudfunctions.googleapis.com/v1/operations/Y2Fycmllcy1ib3V0aXF1ZS91cy1jZW50cmFsMS9zZW5kT3JkZXJDb25maXJtYXRpb24vTWRkZ01TWndRazQ {"name":"operations/Y2Fycmllcy1ib3V0aXF1ZS91cy1jZW50cmFsMS9zZW5kT3JkZXJDb25maXJtYXRpb24vTWRkZ01TWndRazQ","metadata":{"@type":"type.googleapis.com/google.cloud.functions.v1.OperationMetadataV1","target":"projects/carries-boutique/locations/us-central1/functions/sendOrderConfirmation","type":"UPDATE_FUNCTION","request":{"@type":"type.googleapis.com/google.cloud.functions.v1.CloudFunction","name":"projects/carries-boutique/locations/us-central1/functions/sendOrderConfirmation","eventTrigger":{"eventType":"providers/cloud.firestore/eventTypes/document.create","resource":"projects/carries-boutique/databases/(default)/documents/orders/{orderId}","service":"firestore.googleapis.com"},"status":"ACTIVE","entryPoint":"sendOrderConfirmation","updateTime":"2025-11-12T16:14:49.119Z","versionId":"3","labels":{"deployment-tool":"cli-firebase","firebase-functions-hash":"a0f0c2f59d02076e896bb095147f31cc537566e4"},"sourceUploadUrl":"https://storage.googleapis.com/uploads-1055721223383.us-central1.cloudfunctions.appspot.com/14d7ebcd-17c2-465f-8e9a-ca4730f350a9.zip?GoogleAccessId=service-512525813635@gcf-admin-robot.iam.gserviceaccount.com&Expires=1762968289&Signature=BLN3fJRVP8rsNUTlb97gmju0XGfziRX%2FdnJ14poTipBGpe%2Bp92fO8uuHsmwe9GU%2BFG%2BCQcUnAf7GnTOjWEEO3fEt23HYThq4nUsxT19sBpDoUuxy6WM0y%2B5H27Av4lTlQlmg2oXpcht8LJFO0QSVZgpbacS04FM5gUkw6eYapPO5ElTwnUrRDKSPIAB3wMXgdVuLHb0ftzKYu3PqnM7j%2B%2FXzDQDyZ0osLVQzDkkPYWh9tGEva0IXNdkQP7%2BZzY7Om%2Blm2%2F%2Fr5JIh93o66zh1EavYMp2az3aPKxVm5Awm2nBTepj31cWIV%2BkJgYsy%2FPAjjv%2BfJORn6sI3EcfynUUGYQ%3D%3D","environmentVariables":{"FIREBASE_CONFIG":"{\"projectId\":\"carries-boutique\",\"storageBucket\":\"carries-boutique.firebasestorage.app\"}","GCLOUD_PROJECT":"carries-boutique","EVENTARC_CLOUD_EVENT_SOURCE":"projects/carries-boutique/locations/us-central1/functions/sendOrderConfirmation"},"runtime":"nodejs22","buildId":"45abe7d4-9f4b-47a2-a560-fd74d5e0f5ff","buildEnvironmentVariables":{"GOOGLE_NODE_RUN_SCRIPTS":""},"buildName":"projects/512525813635/locations/us-central1/builds/45abe7d4-9f4b-47a2-a560-fd74d5e0f5ff","dockerRegistry":"ARTIFACT_REGISTRY","automaticUpdatePolicy":{},"buildServiceAccount":"projects/carries-boutique/serviceAccounts/512525813635-compute@developer.gserviceaccount.com"},"versionId":"4","updateTime":"2025-11-12T16:54:51Z","buildId":"a1d4d74a-2e93-4674-ae32-4fe75097f87a","buildName":"projects/512525813635/locations/us-central1/builds/a1d4d74a-2e93-4674-ae32-4fe75097f87a"}}
[debug] [2025-11-12T16:54:54.960Z] [update-default-us-central1-sendOrderConfirmation] Retrying task index 0
[debug] [2025-11-12T16:54:54.960Z] Checked if tokens are valid: true, expires at: 1762970069614
[debug] [2025-11-12T16:54:54.960Z] Checked if tokens are valid: true, expires at: 1762970069614
[debug] [2025-11-12T16:54:54.960Z] >>> [apiv2][query] GET https://cloudfunctions.googleapis.com/v1/operations/Y2Fycmllcy1ib3V0aXF1ZS91cy1jZW50cmFsMS9zZW5kT3JkZXJDb25maXJtYXRpb24vTWRkZ01TWndRazQ [none]
[debug] [2025-11-12T16:54:55.299Z] <<< [apiv2][status] GET https://cloudfunctions.googleapis.com/v1/operations/Y2Fycmllcy1ib3V0aXF1ZS91cy1jZW50cmFsMS9zZW5kT3JkZXJDb25maXJtYXRpb24vTWRkZ01TWndRazQ 200
[debug] [2025-11-12T16:54:55.299Z] <<< [apiv2][body] GET https://cloudfunctions.googleapis.com/v1/operations/Y2Fycmllcy1ib3V0aXF1ZS91cy1jZW50cmFsMS9zZW5kT3JkZXJDb25maXJtYXRpb24vTWRkZ01TWndRazQ {"name":"operations/Y2Fycmllcy1ib3V0aXF1ZS91cy1jZW50cmFsMS9zZW5kT3JkZXJDb25maXJtYXRpb24vTWRkZ01TWndRazQ","metadata":{"@type":"type.googleapis.com/google.cloud.functions.v1.OperationMetadataV1","target":"projects/carries-boutique/locations/us-central1/functions/sendOrderConfirmation","type":"UPDATE_FUNCTION","request":{"@type":"type.googleapis.com/google.cloud.functions.v1.CloudFunction","name":"projects/carries-boutique/locations/us-central1/functions/sendOrderConfirmation","eventTrigger":{"eventType":"providers/cloud.firestore/eventTypes/document.create","resource":"projects/carries-boutique/databases/(default)/documents/orders/{orderId}","service":"firestore.googleapis.com"},"status":"ACTIVE","entryPoint":"sendOrderConfirmation","updateTime":"2025-11-12T16:14:49.119Z","versionId":"3","labels":{"deployment-tool":"cli-firebase","firebase-functions-hash":"a0f0c2f59d02076e896bb095147f31cc537566e4"},"sourceUploadUrl":"https://storage.googleapis.com/uploads-1055721223383.us-central1.cloudfunctions.appspot.com/14d7ebcd-17c2-465f-8e9a-ca4730f350a9.zip?GoogleAccessId=service-512525813635@gcf-admin-robot.iam.gserviceaccount.com&Expires=1762968289&Signature=BLN3fJRVP8rsNUTlb97gmju0XGfziRX%2FdnJ14poTipBGpe%2Bp92fO8uuHsmwe9GU%2BFG%2BCQcUnAf7GnTOjWEEO3fEt23HYThq4nUsxT19sBpDoUuxy6WM0y%2B5H27Av4lTlQlmg2oXpcht8LJFO0QSVZgpbacS04FM5gUkw6eYapPO5ElTwnUrRDKSPIAB3wMXgdVuLHb0ftzKYu3PqnM7j%2B%2FXzDQDyZ0osLVQzDkkPYWh9tGEva0IXNdkQP7%2BZzY7Om%2Blm2%2F%2Fr5JIh93o66zh1EavYMp2az3aPKxVm5Awm2nBTepj31cWIV%2BkJgYsy%2FPAjjv%2BfJORn6sI3EcfynUUGYQ%3D%3D","environmentVariables":{"FIREBASE_CONFIG":"{\"projectId\":\"carries-boutique\",\"storageBucket\":\"carries-boutique.firebasestorage.app\"}","GCLOUD_PROJECT":"carries-boutique","EVENTARC_CLOUD_EVENT_SOURCE":"projects/carries-boutique/locations/us-central1/functions/sendOrderConfirmation"},"runtime":"nodejs22","buildId":"45abe7d4-9f4b-47a2-a560-fd74d5e0f5ff","buildEnvironmentVariables":{"GOOGLE_NODE_RUN_SCRIPTS":""},"buildName":"projects/512525813635/locations/us-central1/builds/45abe7d4-9f4b-47a2-a560-fd74d5e0f5ff","dockerRegistry":"ARTIFACT_REGISTRY","automaticUpdatePolicy":{},"buildServiceAccount":"projects/carries-boutique/serviceAccounts/512525813635-compute@developer.gserviceaccount.com"},"versionId":"4","updateTime":"2025-11-12T16:54:51Z","buildId":"a1d4d74a-2e93-4674-ae32-4fe75097f87a","buildName":"projects/512525813635/locations/us-central1/builds/a1d4d74a-2e93-4674-ae32-4fe75097f87a"}}
[debug] [2025-11-12T16:54:59.299Z] [update-default-us-central1-sendOrderConfirmation] Retrying task index 0
[debug] [2025-11-12T16:54:59.299Z] Checked if tokens are valid: true, expires at: 1762970069614
[debug] [2025-11-12T16:54:59.299Z] Checked if tokens are valid: true, expires at: 1762970069614
[debug] [2025-11-12T16:54:59.299Z] >>> [apiv2][query] GET https://cloudfunctions.googleapis.com/v1/operations/Y2Fycmllcy1ib3V0aXF1ZS91cy1jZW50cmFsMS9zZW5kT3JkZXJDb25maXJtYXRpb24vTWRkZ01TWndRazQ [none]
[debug] [2025-11-12T16:54:59.649Z] <<< [apiv2][status] GET https://cloudfunctions.googleapis.com/v1/operations/Y2Fycmllcy1ib3V0aXF1ZS91cy1jZW50cmFsMS9zZW5kT3JkZXJDb25maXJtYXRpb24vTWRkZ01TWndRazQ 200
[debug] [2025-11-12T16:54:59.649Z] <<< [apiv2][body] GET https://cloudfunctions.googleapis.com/v1/operations/Y2Fycmllcy1ib3V0aXF1ZS91cy1jZW50cmFsMS9zZW5kT3JkZXJDb25maXJtYXRpb24vTWRkZ01TWndRazQ {"name":"operations/Y2Fycmllcy1ib3V0aXF1ZS91cy1jZW50cmFsMS9zZW5kT3JkZXJDb25maXJtYXRpb24vTWRkZ01TWndRazQ","metadata":{"@type":"type.googleapis.com/google.cloud.functions.v1.OperationMetadataV1","target":"projects/carries-boutique/locations/us-central1/functions/sendOrderConfirmation","type":"UPDATE_FUNCTION","request":{"@type":"type.googleapis.com/google.cloud.functions.v1.CloudFunction","name":"projects/carries-boutique/locations/us-central1/functions/sendOrderConfirmation","eventTrigger":{"eventType":"providers/cloud.firestore/eventTypes/document.create","resource":"projects/carries-boutique/databases/(default)/documents/orders/{orderId}","service":"firestore.googleapis.com"},"status":"ACTIVE","entryPoint":"sendOrderConfirmation","updateTime":"2025-11-12T16:14:49.119Z","versionId":"3","labels":{"deployment-tool":"cli-firebase","firebase-functions-hash":"a0f0c2f59d02076e896bb095147f31cc537566e4"},"sourceUploadUrl":"https://storage.googleapis.com/uploads-1055721223383.us-central1.cloudfunctions.appspot.com/14d7ebcd-17c2-465f-8e9a-ca4730f350a9.zip?GoogleAccessId=service-512525813635@gcf-admin-robot.iam.gserviceaccount.com&Expires=1762968289&Signature=BLN3fJRVP8rsNUTlb97gmju0XGfziRX%2FdnJ14poTipBGpe%2Bp92fO8uuHsmwe9GU%2BFG%2BCQcUnAf7GnTOjWEEO3fEt23HYThq4nUsxT19sBpDoUuxy6WM0y%2B5H27Av4lTlQlmg2oXpcht8LJFO0QSVZgpbacS04FM5gUkw6eYapPO5ElTwnUrRDKSPIAB3wMXgdVuLHb0ftzKYu3PqnM7j%2B%2FXzDQDyZ0osLVQzDkkPYWh9tGEva0IXNdkQP7%2BZzY7Om%2Blm2%2F%2Fr5JIh93o66zh1EavYMp2az3aPKxVm5Awm2nBTepj31cWIV%2BkJgYsy%2FPAjjv%2BfJORn6sI3EcfynUUGYQ%3D%3D","environmentVariables":{"FIREBASE_CONFIG":"{\"projectId\":\"carries-boutique\",\"storageBucket\":\"carries-boutique.firebasestorage.app\"}","GCLOUD_PROJECT":"carries-boutique","EVENTARC_CLOUD_EVENT_SOURCE":"projects/carries-boutique/locations/us-central1/functions/sendOrderConfirmation"},"runtime":"nodejs22","buildId":"45abe7d4-9f4b-47a2-a560-fd74d5e0f5ff","buildEnvironmentVariables":{"GOOGLE_NODE_RUN_SCRIPTS":""},"buildName":"projects/512525813635/locations/us-central1/builds/45abe7d4-9f4b-47a2-a560-fd74d5e0f5ff","dockerRegistry":"ARTIFACT_REGISTRY","automaticUpdatePolicy":{},"buildServiceAccount":"projects/carries-boutique/serviceAccounts/512525813635-compute@developer.gserviceaccount.com"},"versionId":"4","updateTime":"2025-11-12T16:54:51Z","buildId":"a1d4d74a-2e93-4674-ae32-4fe75097f87a","buildName":"projects/512525813635/locations/us-central1/builds/a1d4d74a-2e93-4674-ae32-4fe75097f87a"}}
[debug] [2025-11-12T16:55:07.653Z] [update-default-us-central1-sendOrderConfirmation] Retrying task index 0
[debug] [2025-11-12T16:55:07.654Z] Checked if tokens are valid: true, expires at: 1762970069614
[debug] [2025-11-12T16:55:07.654Z] Checked if tokens are valid: true, expires at: 1762970069614
[debug] [2025-11-12T16:55:07.654Z] >>> [apiv2][query] GET https://cloudfunctions.googleapis.com/v1/operations/Y2Fycmllcy1ib3V0aXF1ZS91cy1jZW50cmFsMS9zZW5kT3JkZXJDb25maXJtYXRpb24vTWRkZ01TWndRazQ [none]
[debug] [2025-11-12T16:55:08.204Z] <<< [apiv2][status] GET https://cloudfunctions.googleapis.com/v1/operations/Y2Fycmllcy1ib3V0aXF1ZS91cy1jZW50cmFsMS9zZW5kT3JkZXJDb25maXJtYXRpb24vTWRkZ01TWndRazQ 200
[debug] [2025-11-12T16:55:08.204Z] <<< [apiv2][body] GET https://cloudfunctions.googleapis.com/v1/operations/Y2Fycmllcy1ib3V0aXF1ZS91cy1jZW50cmFsMS9zZW5kT3JkZXJDb25maXJtYXRpb24vTWRkZ01TWndRazQ {"name":"operations/Y2Fycmllcy1ib3V0aXF1ZS91cy1jZW50cmFsMS9zZW5kT3JkZXJDb25maXJtYXRpb24vTWRkZ01TWndRazQ","metadata":{"@type":"type.googleapis.com/google.cloud.functions.v1.OperationMetadataV1","target":"projects/carries-boutique/locations/us-central1/functions/sendOrderConfirmation","type":"UPDATE_FUNCTION","request":{"@type":"type.googleapis.com/google.cloud.functions.v1.CloudFunction","name":"projects/carries-boutique/locations/us-central1/functions/sendOrderConfirmation","eventTrigger":{"eventType":"providers/cloud.firestore/eventTypes/document.create","resource":"projects/carries-boutique/databases/(default)/documents/orders/{orderId}","service":"firestore.googleapis.com"},"status":"ACTIVE","entryPoint":"sendOrderConfirmation","updateTime":"2025-11-12T16:14:49.119Z","versionId":"3","labels":{"deployment-tool":"cli-firebase","firebase-functions-hash":"a0f0c2f59d02076e896bb095147f31cc537566e4"},"sourceUploadUrl":"https://storage.googleapis.com/uploads-1055721223383.us-central1.cloudfunctions.appspot.com/14d7ebcd-17c2-465f-8e9a-ca4730f350a9.zip?GoogleAccessId=service-512525813635@gcf-admin-robot.iam.gserviceaccount.com&Expires=1762968289&Signature=BLN3fJRVP8rsNUTlb97gmju0XGfziRX%2FdnJ14poTipBGpe%2Bp92fO8uuHsmwe9GU%2BFG%2BCQcUnAf7GnTOjWEEO3fEt23HYThq4nUsxT19sBpDoUuxy6WM0y%2B5H27Av4lTlQlmg2oXpcht8LJFO0QSVZgpbacS04FM5gUkw6eYapPO5ElTwnUrRDKSPIAB3wMXgdVuLHb0ftzKYu3PqnM7j%2B%2FXzDQDyZ0osLVQzDkkPYWh9tGEva0IXNdkQP7%2BZzY7Om%2Blm2%2F%2Fr5JIh93o66zh1EavYMp2az3aPKxVm5Awm2nBTepj31cWIV%2BkJgYsy%2FPAjjv%2BfJORn6sI3EcfynUUGYQ%3D%3D","environmentVariables":{"FIREBASE_CONFIG":"{\"projectId\":\"carries-boutique\",\"storageBucket\":\"carries-boutique.firebasestorage.app\"}","GCLOUD_PROJECT":"carries-boutique","EVENTARC_CLOUD_EVENT_SOURCE":"projects/carries-boutique/locations/us-central1/functions/sendOrderConfirmation"},"runtime":"nodejs22","buildId":"45abe7d4-9f4b-47a2-a560-fd74d5e0f5ff","buildEnvironmentVariables":{"GOOGLE_NODE_RUN_SCRIPTS":""},"buildName":"projects/512525813635/locations/us-central1/builds/45abe7d4-9f4b-47a2-a560-fd74d5e0f5ff","dockerRegistry":"ARTIFACT_REGISTRY","automaticUpdatePolicy":{},"buildServiceAccount":"projects/carries-boutique/serviceAccounts/512525813635-compute@developer.gserviceaccount.com"},"versionId":"4","updateTime":"2025-11-12T16:54:51Z","buildId":"a1d4d74a-2e93-4674-ae32-4fe75097f87a","buildName":"projects/512525813635/locations/us-central1/builds/a1d4d74a-2e93-4674-ae32-4fe75097f87a"}}
